*** Darwin 8x8 ***
Turn = 0

 01234567
0f.......
1........
2........
3...hh...
4...hh...
5........
6........
7.......f

Turn = 1

 01234567
0f.......
1........
2...h....
3.....h..
4..h.....
5....h...
6........
7.......f

Turn = 2

 01234567
0f.......
1...h....
2........
3......h.
4.h......
5........
6....h...
7.......f

Turn = 3

 01234567
0f..h....
1........
2........
3.......h
4h.......
5........
6........
7....h..f

Turn = 4

 01234567
0f..h....
1........
2........
3.......h
4h.......
5........
6........
7....h..f

Turn = 5

 01234567
0f..h....
1........
2........
3.......h
4h.......
5........
6........
7....h..f

*** Darwin 7x9 ***
Turn = 0

 012345678
0t........
1..b......
2.........
3..h......
4.........
5....r....
6........t

Turn = 1

 012345678
0t.b......
1.........
2.........
3.........
4..h......
5.....r...
6........t

Turn = 2

 012345678
0t.b......
1.........
2.........
3.........
4.........
5..h...r..
6........t

Turn = 3

 012345678
0tb.......
1.........
2.........
3.........
4.........
5.......r.
6..h.....t

Turn = 4

 012345678
0bb.......
1.........
2.........
3.........
4.........
5........r
6..h.....t

Turn = 5

 012345678
0bb.......
1.........
2.........
3.........
4.........
5........r
6..h.....t

Turn = 6

 012345678
0.........
1bb.......
2.........
3.........
4.........
5........r
6..h.....r

Turn = 7

 012345678
0.........
1.........
2bb.......
3.........
4.........
5........r
6..h....r.

Turn = 8

 012345678
0.........
1.........
2.........
3bb.......
4.........
5........r
6..h...r..

Turn = 9

 012345678
0.........
1.........
2.........
3.........
4bb.......
5.........
6..h..r..r

